C:\DEV\DEPP\BIN\WIN32\DEBUG\DEPP.EXE
C:\DEV\DEPP\BIN\WIN32\DEBUG\DEPP.ILK
C:\DEV\DEPP\BIN\WIN32\DEBUG\DEPP.PDB
c:\dev\depp\bin\Win32\Debug\obj\cl.command.1.tlog
c:\dev\depp\bin\Win32\Debug\obj\CL.read.1.tlog
c:\dev\depp\bin\Win32\Debug\obj\CL.write.1.tlog
C:\DEV\DEPP\BIN\WIN32\DEBUG\OBJ\DEPP.EXE.EMBED.MANIFEST
C:\DEV\DEPP\BIN\WIN32\DEBUG\OBJ\DEPP.EXE.EMBED.MANIFEST.RES
C:\DEV\DEPP\BIN\WIN32\DEBUG\OBJ\DEPP.EXE.INTERMEDIATE.MANIFEST
C:\DEV\DEPP\BIN\WIN32\DEBUG\OBJ\DEPP.OBJ
C:\DEV\DEPP\BIN\WIN32\DEBUG\OBJ\DEPP.PCH
c:\dev\depp\bin\Win32\Debug\obj\depp_manifest.rc
c:\dev\depp\bin\Win32\Debug\obj\link.3128.read.1.tlog
c:\dev\depp\bin\Win32\Debug\obj\link.3128.write.1.tlog
c:\dev\depp\bin\Win32\Debug\obj\link.3128-cvtres.read.1.tlog
c:\dev\depp\bin\Win32\Debug\obj\link.3128-cvtres.write.1.tlog
c:\dev\depp\bin\Win32\Debug\obj\link.command.1.tlog
c:\dev\depp\bin\Win32\Debug\obj\link.read.1.tlog
c:\dev\depp\bin\Win32\Debug\obj\link.write.1.tlog
c:\dev\depp\bin\Win32\Debug\obj\link-cvtres.read.1.tlog
c:\dev\depp\bin\Win32\Debug\obj\link-cvtres.write.1.tlog
c:\dev\depp\bin\Win32\Debug\obj\mt.command.1.tlog
c:\dev\depp\bin\Win32\Debug\obj\mt.read.1.tlog
c:\dev\depp\bin\Win32\Debug\obj\mt.write.1.tlog
c:\dev\depp\bin\Win32\Debug\obj\rc.command.1.tlog
c:\dev\depp\bin\Win32\Debug\obj\rc.read.1.tlog
c:\dev\depp\bin\Win32\Debug\obj\rc.write.1.tlog
C:\DEV\DEPP\BIN\WIN32\DEBUG\OBJ\STDAFX.OBJ
c:\dev\depp\bin\Win32\Debug\obj\vc100.idb
C:\DEV\DEPP\BIN\WIN32\DEBUG\OBJ\VC100.PDB
